/*C37*/CONNECT USER SA
DISCONNECT
/*C38*/CONNECT USER SA
DISCONNECT
/*C39*/CONNECT USER SA
DISCONNECT
/*C40*/CONNECT USER SA
DISCONNECT
/*C41*/CONNECT USER SA
DISCONNECT
/*C42*/CONNECT USER SA
SET AUTOCOMMIT FALSE
INSERT INTO EMP VALUES(99,'hoge',NULL,NULL,NULL,NULL,NULL,0,'2005-12-27 04:30:56.203')
ROLLBACK
SET AUTOCOMMIT TRUE
DISCONNECT
/*C43*/CONNECT USER SA
DISCONNECT
/*C44*/CONNECT USER SA
SET AUTOCOMMIT FALSE
DELETE FROM EMP WHERE EMPNO=7788
INSERT INTO EMP VALUES(7788,'hoge2','ANALYST',7566,'1982-12-09',3000.0,NULL,20,'2005-12-27 04:30:57.656')
DELETE FROM EMP WHERE EMPNO=7788
INSERT INTO EMP VALUES(7788,'SCOTT','ANALYST',7566,'1982-12-09',3000.0,NULL,20,'2005-12-27 04:14:59.937')
ROLLBACK
SET AUTOCOMMIT TRUE
DISCONNECT
/*C45*/CONNECT USER SA
SET AUTOCOMMIT FALSE
DELETE FROM EMP WHERE EMPNO=7788
ROLLBACK
SET AUTOCOMMIT TRUE
DISCONNECT
/*C46*/CONNECT USER SA
DISCONNECT
/*C47*/CONNECT USER SA
DISCONNECT
/*C48*/CONNECT USER SA
DISCONNECT
/*C49*/CONNECT USER SA
DISCONNECT
/*C50*/CONNECT USER SA
DISCONNECT
/*C51*/CONNECT USER SA
DISCONNECT
/*C52*/CONNECT USER SA
DISCONNECT
/*C53*/CONNECT USER SA
DISCONNECT
/*C54*/CONNECT USER SA
DISCONNECT
/*C55*/CONNECT USER SA
DISCONNECT
/*C56*/CONNECT USER SA
DISCONNECT
/*C57*/CONNECT USER SA
DISCONNECT
/*C58*/CONNECT USER SA
DISCONNECT
/*C59*/CONNECT USER SA
DISCONNECT
/*C60*/CONNECT USER SA
DISCONNECT
/*C61*/CONNECT USER SA
DISCONNECT
/*C62*/CONNECT USER SA
DISCONNECT
/*C63*/CONNECT USER SA
DISCONNECT
/*C64*/CONNECT USER SA
DISCONNECT
/*C65*/CONNECT USER SA
DISCONNECT
/*C66*/CONNECT USER SA
DISCONNECT
/*C67*/CONNECT USER SA
DISCONNECT
/*C68*/CONNECT USER SA
DISCONNECT
/*C69*/CONNECT USER SA
DISCONNECT
/*C70*/CONNECT USER SA
DISCONNECT
/*C71*/CONNECT USER SA
DISCONNECT
/*C72*/CONNECT USER SA
SET AUTOCOMMIT FALSE
DELETE FROM EMP WHERE EMPNO=7369
ROLLBACK
SET AUTOCOMMIT TRUE
DISCONNECT
